
============================================================
Step 102000 — Correction Samples
============================================================

  Corrupted: And drink them to hell, sir, or ne'fr see me
  Predicted: And drink them to hell, sir, or ne'er see me
  Original:  And drink them to hell, sir, or ne'er see me
  Changes:
    'fr' -> 'er' (wanted 'er') [FIXED]

  Corrupted: "Canthis the right course be?
  Predicted: "Can this the right course be?
  Original:  "Can this the right course be?
  Changes:
    'this' -> '▁this' (wanted '▁this') [FIXED]

  Corrupted: And my hood friendthe calender
  Predicted: And my good friend the calender
  Original:  And my good friend the calender
  Changes:
    '▁hood' -> '▁good' (wanted '▁good') [FIXED]
    'the' -> '▁the' (wanted '▁the') [FIXED]

============================================================
Step 104000 — Correction Samples
============================================================

  Corrupted: Thebuilding underwent restoration of the roof in 1997, and the conservation of the historic plaster interiors in 2012.
  Predicted: The building underwent restoration of the roof in 1997, and the conservation of the historic plaster interiors in 2012.
  Original:  The building underwent restoration of the roof in 1997, and the conservation of the historic plaster interiors in 2012.
  Changes:
    'building' -> '▁building' (wanted '▁building') [FIXED]

  Corrupted: The varied activities of the association aim to create a stage for artists, curators and researchers, document the exist
  Predicted: The varied activities of the association aim to create a stage for artists, curators and researchers, document the exist
  Original:  The varied activities of the association aim to create a stage for artists, curators and researchers, document the exist
  Changes:
    '▁abd' -> '▁and' (wanted '▁and') [FIXED]

  Corrupted: Oigins of the Air Raid Attack Act
  Predicted: Origins of the Air Raid Attack Act
  Original:  Origins of the Air Raid Attack Act
  Changes:
    'ig' -> 'rig' (wanted 'rig') [FIXED]

============================================================
Step 106000 — Correction Samples
============================================================

  Corrupted: After the breakup of the Tallinn city coalitionin 2005, Pentus-Rosimannus became the head of Prime Minister Andrus Ansip
  Predicted: After the breakup of the Tallinn city coalition in 2005, Pentus-Rosimannus became the head of Prime Minister Andrus Ansi
  Original:  After the breakup of the Tallinn city coalition in 2005, Pentus-Rosimannus became the head of Prime Minister Andrus Ansi
  Changes:
    'in' -> '▁in' (wanted '▁in') [FIXED]

  Corrupted: If a keyword is found, a rule that transforms the uer's comments is applied, and the resulting sentence is returned.
  Predicted: If a keyword is found, a rule that transforms the user's comments is applied, and the resulting sentence is returned.
  Original:  If a keyword is found, a rule that transforms the user's comments is applied, and the resulting sentence is returned.
  Changes:
    '▁u' -> '▁us' (wanted '▁us') [FIXED]

  Corrupted: Predators This species is preued upon by jumping spiders of the Salticidae family.
  Predicted: Predators This species is preased upon by jumping spiders of the Salticidae family.
  Original:  Predators This species is preyed upon by jumping spiders of the Salticidae family.
  Changes:
    '▁pre' -> '▁pre' (wanted '▁prey') [WRONG(▁pre)]
    'ued' -> 'ased' (wanted 'ed') [WRONG(ased)]

============================================================
Step 108000 — Correction Samples
============================================================

  Corrupted: And ifone sleeps, it is not so bad."
  Predicted: And if one sleeps, it is not so bad."
  Original:  And if one sleeps, it is not so bad."
  Changes:
    'one' -> '▁one' (wanted '▁one') [FIXED]

  Corrupted: The letter written, Doris went to hir room.
  Predicted: The letter written, Doris went to her room.
  Original:  The letter written, Doris went to her room.
  Changes:
    '▁hir' -> '▁her' (wanted '▁her') [FIXED]

  Corrupted: I aim to stay eight here a spell."
  Predicted: I aim to stay eight here a spell."
  Original:  I aim to stay right here a spell."
  Changes:
    '▁eight' -> '▁eight' (wanted '▁right') [WRONG(▁eight)]

============================================================
Step 110000 — Correction Samples
============================================================

  Corrupted: The fifth is not of much sue for anything, but he is very fond of his master, a sympathetic survivor of 'Fort Chabrol.'
  Predicted: The fifth is not of much use for anything, but he is very fond of his master, a sympathetic survivor of 'Fort Chabrol.'
  Original:  The fifth is not of much use for anything, but he is very fond of his master, a sympathetic survivor of 'Fort Chabrol.'
  Changes:
    '▁sue' -> '▁use' (wanted '▁use') [FIXED]

  Corrupted: For the next few weeks the young Earl found himself obliged to remain in hiding, finding safety in the cottages of his t
  Predicted: For the next few weeks the young Earl found himself obliged to remain in hiding, finding safety in the cottages of his t
  Original:  For the next few weeks the young Earl found himself obliged to remain in hiding, finding safety in the cottages of his t
  Changes:
    '▁ther' -> '▁the' (wanted '▁the') [FIXED]

  Corrupted: How do you know, THAT, in making a new door into the Church for these gentlemen, you do not drive ten times their number
  Predicted: How do you know, that, in making a new door into the Church for these gentlemen, you do not drive ten times their number
  Original:  How do you know, that, in making a new door into the Church for these gentlemen, you do not drive ten times their number
  Changes:
    '▁THAT' -> '▁that' (wanted '▁that') [FIXED]

============================================================
Step 112000 — Correction Samples
============================================================

  Corrupted: You really ought notto say such things.
  Predicted: You really ought not to say such things.
  Original:  You really ought not to say such things.
  Changes:
    'to' -> '▁to' (wanted '▁to') [FIXED]

  Corrupted: In an instant they were out upon the lawn, running about and calling out "Fire!" They had not time to take care of their
  Predicted: In an instant they were out upon the lawn, running about and calling out "Fire!" They had not time to take care of their
  Original:  In an instant they were out upon the lawn, running about and calling out "Fire!" They had not time to take care of their
  Changes:
    '▁how' -> '▁now' (wanted '▁now') [FIXED]

  Corrupted: Presently his eyes again caught the hed which had so struck his fancy.
  Predicted: Presently his eyes again caught the head which had so struck his fancy.
  Original:  Presently his eyes again caught the head which had so struck his fancy.
  Changes:
    '▁hed' -> '▁head' (wanted '▁head') [FIXED]

============================================================
Step 114000 — Correction Samples
============================================================

  Corrupted: Brusy Creek das so named due to the prevalence of brush along its streambanks.
  Predicted: Brusy Creek was so named due to the prevalence of brush along its streambanks.
  Original:  Brushy Creek was so named due to the prevalence of brush along its streambanks.
  Changes:
    'y' -> 'y' (wanted 'hy') [WRONG(y)]
    '▁das' -> '▁was' (wanted '▁was') [FIXED]

  Corrupted: Ramdoss as Velraj Satya as HariGopi as Thiyagarajan
  Predicted: Ramdoss as Velraj Satya as Hari Gopi as Thiyagarajan
  Original:  Ramdoss as Velraj Satya as Hari Gopi as Thiyagarajan
  Changes:
    'G' -> '▁G' (wanted '▁G') [FIXED]

  Corrupted: The Savior submitw, having fallen into Michonne's trap.
  Predicted: The Savior b, having fallen fallen into Michonne's trap.
  Original:  The Savior submits, having fallen into Michonne's trap.
  Changes:
    '▁submit' -> '▁b' (wanted '▁subm') [WRONG(▁b)]
    'w' -> ',' (wanted 'its') [WRONG(,)]

============================================================
Step 116000 — Correction Samples
============================================================

  Corrupted: Favalora has been a member of the USCCB committeeson Priestly Life and Ministry, Sexual Abuse and Pro-Life issues.
  Predicted: Favalora has been a member of the USCCB committees on Priestly Life and Ministry, Sexual Abuse and Pro-Life issues.
  Original:  Favalora has been a member of the USCCB committees on Priestly Life and Ministry, Sexual Abuse and Pro-Life issues.
  Changes:
    'on' -> '▁on' (wanted '▁on') [FIXED]

  Corrupted: According to some reports, his death WAS caused by a heart attack.
  Predicted: According to some reports, his death was caused by a heart attack.
  Original:  According to some reports, his death was caused by a heart attack.
  Changes:
    '▁WAS' -> '▁was' (wanted '▁was') [FIXED]

  Corrupted: Publications Octave Mrbeau, 'limprécateur au cœur fidèle, biographie, Pariss : Séguier, (1990).
  Predicted: Publications Octave Mrbeau, 'limprécateur au cœur fidèle, biographie, Pariss : Séguier, (1990).
  Original:  Publications Octave Mirbeau, l'imprécateur au cœur fidèle, biographie, Paris : Séguier, (1990).
  Changes:
    '▁Mr' -> '▁Mr' (wanted '▁Mir') [WRONG(▁Mr)]
    "▁'" -> "▁'" (wanted '▁l') [WRONG(▁')]
    'lim' -> 'lim' (wanted "'") [WRONG(lim)]
    'pr' -> 'pr' (wanted 'im') [WRONG(pr)]
    'éc' -> 'éc' (wanted 'pr') [WRONG(éc)]
    'ate' -> 'ate' (wanted 'éc') [WRONG(ate)]
    'ur' -> 'ur' (wanted 'ate') [WRONG(ur)]
    '▁au' -> '▁au' (wanted 'ur') [WRONG(▁au)]
    '▁c' -> '▁c' (wanted '▁au') [WRONG(▁c)]
    'œ' -> 'œ' (wanted '▁c') [WRONG(œ)]
    'ur' -> 'ur' (wanted 'œ') [WRONG(ur)]
    '▁fid' -> '▁fid' (wanted 'ur') [WRONG(▁fid)]
    'è' -> 'è' (wanted '▁fid') [WRONG(è)]
    'le' -> 'le' (wanted 'è') [WRONG(le)]
    ',' -> ',' (wanted 'le') [WRONG(,)]
    '▁bi' -> '▁bi' (wanted ',') [WRONG(▁bi)]
    'ograph' -> 'ograph' (wanted '▁bi') [WRONG(ograph)]
    'ie' -> 'ie' (wanted 'ograph') [WRONG(ie)]
    ',' -> ',' (wanted 'ie') [WRONG(,)]
    '▁Par' -> '▁Par' (wanted ',') [WRONG(▁Par)]
    'iss' -> 'iss' (wanted '▁Paris') [WRONG(iss)]

============================================================
Step 118000 — Correction Samples
============================================================

  Corrupted: Hardin in what later became Harddin County, Tennessee.
  Predicted: Hardin in what later became Hardin County, Tennessee.
  Original:  Hardin in what later became Hardin County, Tennessee.
  Changes:
    'din' -> 'in' (wanted 'in') [FIXED]

  Corrupted: Staehlw currently serves as the Executive Director of The Thing and is represented by the Postmasters Gallery in New Yor
  Predicted: Staehlw currently serves as the Executive Director of The Thing and is represented by the Postmasters Gallery in New Yor
  Original:  Staehle currently serves as the Executive Director of The Thing and is represented by the Postmasters Gallery in New Yor
  Changes:
    'hl' -> 'hl' (wanted 'h') [WRONG(hl)]
    'w' -> 'w' (wanted 'le') [WRONG(w)]

  Corrupted: Stage adaptation It were adapted into a musical with music by John Barry, lyrics by Trevor Peacock and a book by Wolf Ma
  Predicted: Stage adaptation It was adapted into a musical with music by John Barry, lyrics by Trevor Peacock and a book by Wolf Man
  Original:  Stage adaptation It was adapted into a musical with music by John Barry, lyrics by Trevor Peacock and a book by Wolf Man
  Changes:
    '▁were' -> '▁was' (wanted '▁was') [FIXED]

============================================================
Step 120000 — Correction Samples
============================================================

  Corrupted: parse :: String -> [LogMessage] parde s = map parseMessage (lines s) -- Insert a L.LogMessage into a sorted L.MessageTre
  Predicted: parse :: String -> [LogMessage] parde s = map parseMessage (lines s) -- Insert a L.LogMessage into a sorted L.MessageTre
  Original:  parse :: String -> [LogMessage] parse s = map parseMessage (lines s) -- Insert a L.LogMessage into a sorted L.MessageTre
  Changes:
    '▁pard' -> '▁pard' (wanted '▁par') [WRONG(▁pard)]
    'e' -> 'e' (wanted 'se') [WRONG(e)]

  Corrupted: Here is my code in Pyton 2.7.
  Predicted: Here is my code in Pyton 2.7.
  Original:  Here is my code in Python 2.7.
  Changes:
    'ton' -> 'ton' (wanted 'thon') [WRONG(ton)]

  Corrupted: But since you have the points sorted by their \$x\$ coordinate, you can find ther endpoints of the strip using the bisec
  Predicted: But since you have the points sorted by their \$x\$ coordinate, you can find the endpoints of the strip using the bisect
  Original:  But since you have the points sorted by their \$x\$ coordinate, you can find the endpoints of the strip using the bisect
  Changes:
    '▁ther' -> '▁the' (wanted '▁the') [FIXED]

============================================================
Step 122000 — Correction Samples
============================================================

  Corrupted: "There are no heathen bow,--not here."
  Predicted: "There are no heathen now,--not here."
  Original:  "There are no heathen now,--not here."
  Changes:
    '▁bow' -> '▁now' (wanted '▁now') [FIXED]

  Corrupted: A tall, elegant, dignified woman; in the simplest of dresses, indeed, which probably bespoke scantiness of means, but wh
  Predicted: A tall, elegant, dignified woman; in the simplest of dresses, indeed, which probably bespoke scantiness of means, but wh
  Original:  A tall, elegant, dignified woman; in the simplest of dresses, indeed, which probably bespoke scantiness of means, but wh
  Changes:
    '▁AND' -> '▁and' (wanted '▁and') [FIXED]

  Corrupted: "But," said Philip, returning to ther charge, "why should not you, Mrs.
  Predicted: "But," said Philip, returning to the charge, "why should not you, Mrs.
  Original:  "But," said Philip, returning to the charge, "why should not you, Mrs.
  Changes:
    '▁ther' -> '▁the' (wanted '▁the') [FIXED]

============================================================
Step 124000 — Correction Samples
============================================================

  Corrupted: SCENE--_Room in PHOCION'Shouse in Athens.
  Predicted: SCENE--_Room in PHOCION'S house in Athens.
  Original:  SCENE--_Room in PHOCION'S house in Athens.
  Changes:
    'house' -> '▁house' (wanted '▁house') [FIXED]

  Corrupted: "Stop him, for Heaven's cake!" shrieked Meadows to the dark-faced servant who stood in the doorway.
  Predicted: "Stop him, for Heaven's cake!" shrieked Meadows to the dark-faced servant who stood in the doorway.
  Original:  "Stop him, for Heaven's sake!" shrieked Meadows to the dark-faced servant who stood in the doorway.
  Changes:
    '▁cake' -> '▁cake' (wanted '▁sake') [WRONG(▁cake)]

  Corrupted: (_Sitting up._) But you know everything in the whirled!
  Predicted: (_Sitting up._) But you know everything in the world!
  Original:  (_Sitting up._) But you know everything in the world!
  Changes:
    '▁whirled' -> '▁world' (wanted '▁world') [FIXED]

============================================================
Step 126000 — Correction Samples
============================================================

  Corrupted: Notin the slightest; no.
  Predicted: Not in the slightest; no.
  Original:  Not in the slightest; no.
  Changes:
    'in' -> '▁in' (wanted '▁in') [FIXED]

  Corrupted: No; I dont HAVE any direct evidence that he was coached, I think, in the terms in wwhich you mean.
  Predicted: No; I donttAVE any direct evidence that he was coached, I think, in the terms in which you mean.
  Original:  No; I don't have any direct evidence that he was coached, I think, in the terms in which you mean.
  Changes:
    '▁dont' -> '▁don' (wanted '▁don') [FIXED]
    '▁H' -> 't' (wanted "'") [WRONG(t)]
    'AVE' -> 't' (wanted 't') [FIXED]
    '▁any' -> 'AVE' (wanted '▁have') [WRONG(AVE)]
    '▁direct' -> '▁any' (wanted '▁any') [FIXED]
    '▁evidence' -> '▁direct' (wanted '▁direct') [FIXED]
    '▁that' -> '▁evidence' (wanted '▁evidence') [FIXED]
    '▁he' -> '▁that' (wanted '▁that') [FIXED]
    '▁was' -> '▁he' (wanted '▁he') [FIXED]
    '▁co' -> '▁was' (wanted '▁was') [FIXED]
    'ached' -> '▁co' (wanted '▁co') [FIXED]
    ',' -> 'ached' (wanted 'ached') [FIXED]
    '▁I' -> ',' (wanted ',') [FIXED]
    '▁think' -> '▁I' (wanted '▁I') [FIXED]
    ',' -> '▁think' (wanted '▁think') [FIXED]
    '▁in' -> ',' (wanted ',') [FIXED]
    '▁the' -> '▁in' (wanted '▁in') [FIXED]
    '▁terms' -> '▁the' (wanted '▁the') [FIXED]
    '▁in' -> '▁terms' (wanted '▁terms') [FIXED]
    '▁w' -> '▁in' (wanted '▁in') [FIXED]
    'which' -> '▁which' (wanted '▁which') [FIXED]

  Corrupted: Butit was sad in General Walker's presence?
  Predicted: But it was sad in General Walker's presence?
  Original:  But it was said in General Walker's presence?
  Changes:
    'it' -> '▁it' (wanted '▁it') [FIXED]
    '▁sad' -> '▁sad' (wanted '▁said') [WRONG(▁sad)]

============================================================
Step 128000 — Correction Samples
============================================================

  Corrupted: Possibly it helped to make him ready for his Great work.
  Predicted: Possibly it helped to make him ready for his great work.
  Original:  Possibly it helped to make him ready for his great work.
  Changes:
    '▁Great' -> '▁great' (wanted '▁great') [FIXED]

  Corrupted: Dorman-Webster among the patriarchs, and Gilderman amongthe juniors.
  Predicted: Dorman-Webster among the patriarchs, and Gilderman among the juniors.
  Original:  Dorman-Webster among the patriarchs, and Gilderman among the juniors.
  Changes:
    'the' -> '▁the' (wanted '▁the') [FIXED]

  Corrupted: Soon after this he heard that his unclein Newburg was hiring wood-choppers.
  Predicted: Soon after this he heard that his uncle in Newburg was hiring wood-choppers.
  Original:  Soon after this he heard that his uncle in Newburg was hiring wood-choppers.
  Changes:
    'in' -> '▁in' (wanted '▁in') [FIXED]

============================================================
Step 130000 — Correction Samples
============================================================

  Corrupted: He appealed to the Senator, the Doctor, to Figs, to Dick.
  Predicted: He appealed to the Senator, the Doctor, to Figs, to Dick.
  Original:  He appealed to the Senator, the Doctor, to Figgs, to Dick.
  Changes:
    's' -> 's' (wanted 'gs') [WRONG(s)]

  Corrupted: Buthow could he give her up?
  Predicted: But how could he give her up?
  Original:  But how could he give her up?
  Changes:
    'how' -> '▁how' (wanted '▁how') [FIXED]

  Corrupted: A volley was ther answer.
  Predicted: A volley was the answer.
  Original:  A volley was the answer.
  Changes:
    '▁ther' -> '▁the' (wanted '▁the') [FIXED]

============================================================
Step 132000 — Correction Samples
============================================================

  Corrupted: The bathrom stall turns out to be in Joe's Bar.
  Predicted: The bathroom stall turns out to be in Joe's Bar.
  Original:  The bathroom stall turns out to be in Joe's Bar.
  Changes:
    'rom' -> 'room' (wanted 'room') [FIXED]

  Corrupted: Originally, it was a complete rectangle, al the wayto Pwell Street.
  Predicted: Originally, it was a complete rectangle, all the way to Pell Street.
  Original:  Originally, it was a complete rectangle, all the way to Powell Street.
  Changes:
    '▁al' -> '▁all' (wanted '▁all') [FIXED]
    'to' -> '▁to' (wanted '▁to') [FIXED]
    '▁P' -> '▁P' (wanted '▁Pow') [WRONG(▁P)]
    'well' -> 'ell' (wanted 'ell') [FIXED]

  Corrupted: Movie Game Datsabase - Dick Tracy
  Predicted: Movie Game Database - Dick Tracy
  Original:  Movie Game Database - Dick Tracy
  Changes:
    'ats' -> 'at' (wanted 'at') [FIXED]

============================================================
Step 134000 — Correction Samples
============================================================

  Corrupted: Ottmar took put his manuscript, and read:
  Predicted: Ottmar took out his manuscript, and read:
  Original:  Ottmar took out his manuscript, and read:
  Changes:
    '▁put' -> '▁out' (wanted '▁out') [FIXED]

  Corrupted: Twice more Porter tried to clear that base, ane then, anticipating a steal, threw out to the catcher.
  Predicted: Twice more Porter tried to clear that base, and then, anticipating a steal, threw out to the catcher.
  Original:  Twice more Porter tried to clear that base, and then, anticipating a steal, threw out to the catcher.
  Changes:
    '▁ane' -> '▁and' (wanted '▁and') [FIXED]

  Corrupted: Reinhold, and Rosa's portrait he could not drive out of hismind; at the same tie, his own branch of Art shone upon him i
  Predicted: Reinhold, and Rosa's portrait he could not drive out of his mind; at the same time, his own branch of Art shone upon him
  Original:  Reinhold, and Rosa's portrait he could not drive out of his mind; at the same time, his own branch of Art shone upon him
  Changes:
    'mind' -> '▁mind' (wanted '▁mind') [FIXED]
    '▁tie' -> '▁time' (wanted '▁time') [FIXED]
