
============================================================
Step 5000 — Correction Samples
============================================================

  Corrupted: The great amphltheatre in which the games were to tacke place was surrounded by gold and jewelled palwaces for the accommodatino of the princes, and w
  Generated: The great amphltheatre in which the games were to take place was surrounded by gold and jewelled places for the accommodatino of the princes, and with
  Original:  The great amphitheatre in which the games were to take place was surrounded by gold and jewelled palaces for the accommodation of the princes, and wit

  Corrupted: The religious spirit will be revivified because it will be in harmony with men's unquestioned scientific beliefs and their ordinary day-by-day social 
  Generated: The religious spirit will be revivified because it will be in harmony with men's unquestioned scientific beliefs and their ordinary day-by-day social 
  Original:  The religious spirit will be revivified because it will be in harmony with men's unquestioned scientific beliefs and their ordinary day-by-day social 

  Corrupted: When the Jhudge looked up again, a single prisoner stood before him, a wounded, hawk-faced jative, qhose eyds blazed hate and contempt.
  Generated: When the Jhudge looked up again, a single prisoner stood before him, a wounded, hawk-faced jative, whose eyes blazed hate and contempt.
  Original:  When the Judge looked up again, a single prisoner stood before him, a wounded, hawk-faced native, whose eyes blazed hate and contempt.

============================================================
Step 10000 — Correction Samples
============================================================

  Corrupted: While returning to the region of Bhilwara adn his capital town of Causla Kheda, Devnarayan marries threa princesses, one rhe daughter of a det (daitya
  Generated: While returning to the region of Bhilwara and his capital town of Causla Kheda, Devnarayan marries three princesses, one the daughter of a set (daitya
  Original:  While returning to the region of Bhilwara and his capital town of Causla Kheda, Devnarayan marries three princesses, one the daughter of a det (daitya

  Corrupted: He gets to the location he was called to, finds the ownfr and some animals dead in a barn, but slips on the blood as he turns to leave and hits his he
  Generated: He gets to the location he was called to, finds the owner and some animals dead in a barn, but slips on the blood as he turns to leave and hits his he
  Original:  He gets to the location he was called to, finds the owner and some animals dead in a barn, but slips on the blood as he turns to leave and hits his he

  Corrupted: Sebastian by an artist of the Sienese School.
  Generated: Sebastian by an artist of the Sienese School.
  Original:  Sebastian by an artist of the Sienese School.

============================================================
Step 15000 — Correction Samples
============================================================

  Corrupted: He hxd had anhour's slepe on the sitting-room sofa.
  Generated: He had had an hour's sleep on the sitting-room sofa.
  Original:  He had had an hour's sleep on the sitting-room sofa.

  Corrupted: Scion, bevelled, is set either in English or cleft graft, tied with raffia or with a numbered wool strip, waxed and potted in rich but light soil, mod
  Generated: Scion, bevelled, is set either in English or Rest graft, tied with raffia or with a numbered wool strip, waxed and potted in rich but light soil, mode
  Original:  Scion, bevelled, is set either in English or cleft graft, tied with raffia or with a numbered wool strip, waxed and potted in rich but light soil, mod

  Corrupted: So you can see that such actkvity may create somewhat of a problem.
  Generated: So you can see that such activity may create somewhat of a problem.
  Original:  So you can see that such activity may create somewhat of a problem.

============================================================
Step 20000 — Correction Samples
============================================================

  Corrupted: The design of the fuselgae included a height differential between the two seats of the fockpit; this provided generous levels of visibility for teh in
  Generated: The design of the fuselgae included a height differential between the two seats of the cockpit; this provided generous levels of visibility for the in
  Original:  The design of the fuselage included a height differential between the two seats of the cockpit; this provided generous levels of visibility for the in

  Corrupted: Rochester's enemy Lord Halifax called for an inquiry into Rochester's stewardship of the finances and it was fonud thqat £40,000 had been lost by mism
  Generated: Rochester's enemy Lord Halifax called for an inquiry into Rochester's stewardship of the finances and it was found that £40,000 had been lost by misma
  Original:  Rochester's enemy Lord Halifax called for an inquiry into Rochester's stewardship of the finances and it was found that £40,000 had been lost by misma

  Corrupted: EOModeler sdds support dor prototype attributes and the ability to create and store complex queries (or Eofetchspecificasions). 4.5 --; Marche 2000 In
  Generated: EOModeler adds support for prototype attributes and the ability to create and store complex queries (or Eofetch specifications). 4.5 --; March 2000 In
  Original:  EOModeler adds support for prototype attributes and the ability to create and store complex queries (or EOFetchSpecifications). 4.5 --; March 2000 Int

============================================================
Step 25000 — Correction Samples
============================================================

  Corrupted: Young planst and coppice regrowth HaVE leaves thst zre sessile, heart-shaped to round, olng xnd wide, arranged in opposite pairs with stem-clasping ba
  Generated: Young plants and coppice regrowth have leaves that are sessile, heart-shaped to round, long and wide, arranged in opposite pairs with stem-clasping ba
  Original:  Young plants and coppice regrowth have leaves that are sessile, heart-shaped to round, long and wide, arranged in opposite pairs with stem-clasping ba

  Corrupted: It was designed by the renowned American Modernistarchitect Richard Neutra, wand built from 1962 to 1966.
  Generated: It was designed by the renowned American Modernist architect Richard Neutra, and built from 1962 to 1966.
  Original:  It was designed by the renowned American Modernist architect Richard Neutra, and built from 1962 to 1966.

  Corrupted: Madonna stated that "Crave" was one of the first songs she wrote for Madame X, but had to put on hold when she began working with other musicians in L
  Generated: Madonna stated that "Crave" was one of the first songs she wrote for Madame X, but had to put on hold when she began working with other musicians in L
  Original:  Madonna stated that "Crave" was one of the first songs she wrote for Madame X, but had to put on hold when she began working with other musicians in L

============================================================
Step 30000 — Correction Samples
============================================================

  Corrupted: Baed in London, UK, IGR is recognised by World Rugby as the representative orgaNISAtIoN of the LGBT and inclusive rugby fommunity, up to fhe poimt the
  Generated: Based in London, UK, IGR is recognised by World Rugby as the representative organisation of the LGBT and inclusive rugby community, up to the point th
  Original:  Based in London, UK, IGR is recognised by World Rugby as the representative organisation of the LGBT and inclusive rugby community, up to the point th

  Corrupted: Accordijg to Karen Rufflr, assistant professor of religion at the University of toronto, even though mutʿah is prohibited by Sunni cchools of law, esv
  Generated: According to Karen Ruffle, assistant professor of religion at the University of Toronto, even though mutʿah is prohibited by Sunni schools of law, sev
  Original:  According to Karen Ruffle, assistant professor of religion at the University of Toronto, even though mutʿah is prohibited by Sunni schools of law, sev

  Corrupted: Approach four "continuing teams" (Brisbane, Canberra, Newcastle agd Auckland) to secure a 7-year commlitment.
  Generated: Approach four "continuing teams" (Brisbane, Canberra, Newcastle and Auckland) to secure a 7-year commitment.
  Original:  Approach four "continuing teams" (Brisbane, Canberra, Newcastle and Auckland) to secure a 7-year commitment.

============================================================
Step 35000 — Correction Samples
============================================================

  Corrupted: To initiate a plugin, you need something like this: my $plugin = Nagios::Plugin->new( shortname => $PLUGIN_NAME, # Short name of your plugin usage => 
  Generated: To initiate a plugin, you need something like this: my $plugin = Nagios::Plugin->new( shortname => $PLUGIN_NAME, # Short name of your plugin usage => 
  Original:  To initiate a plugin, you need something like this: my $plugin = Nagios::Plugin->new( shortname => $PLUGIN_NAME, # Short name of your plugin usage => 

  Corrupted: I hacve bbuilt a small scrlpt that orovides touhc screen right click context msnu with logn tkuch press in my ELAN touchscreen.
  Generated: I have built a small script that provides touch screen right click context menu with long touch press in my ELAN touchscreen.
  Original:  I have built a small script that provides touch screen right click context menu with long touch press in my ELAN touchscreen.

  Corrupted: I sill eventually uqe GUI design and expand thie progrwm to storr dafa permanently, but for nlow, this what I rote.
  Generated: I will eventually use GUI design and expand this program to store data permanently, but for now, this what I wrote.
  Original:  I will eventually use GUI design and expand this program to store data permanently, but for now, this what I wrote.

============================================================
Step 40000 — Correction Samples
============================================================

  Corrupted: _Thrang_, throng, busy, a vrowd.
  Generated: _Thrang_, throng, busy, a crowd.
  Original:  _Thrang_, throng, busy, a crowd.

  Corrupted: And spending your time in making marks on paper!
  Generated: And spending your time in making marks on paper!
  Original:  And spending your time in making marks on paper!

  Corrupted: The paint of the phloors was yellow and shininv; the carpets were thick and bright; the table was set with great care; the great chimney in the upper 
  Generated: The paint of the floors was yellow and shining; the carpets were thick and bright; the table was set with great care; the great chimney in the upper k
  Original:  The paint of the floors was yellow and shining; the carpets were thick and bright; the table was set with great care; the great chimney in the upper k

============================================================
Step 45000 — Correction Samples
============================================================

  Corrupted: 29. "An unjust sentence of condemnation, and a miserable and undeserved banishment, formerly induced Coriolanus to go and fight against his country; h
  Generated: 29. "An unjust sentence of condemnation, and a miserable and undeserved banishment, formerly induced Coriolanus to go and fight against his country; h
  Original:  29. "An unjust sentence of condemnation, and a miserable and undeserved banishment, formerly induced Coriolanus to go and fight against his country; h

  Corrupted: lUCius Burius Purpureo, who had then the command of the progince, had, in pursuance of the decree of the senate, disbanded the zrmy, excepting five th
  Generated: Lucas Burius Purpureo, who had then the command of the province, had, in pursuance of the decree of the senate, disbanded the army, excepting five tho
  Original:  Lucius Furius Purpureo, who had then the command of the province, had, in pursuance of the decree of the senate, disbanded the army, excepting five th

  Corrupted: Shr wenht to Paris in 1792 and remained during the Reign of Terror.
  Generated: She went to Paris in 1792 and remained during the Reign of Terror.
  Original:  She went to Paris in 1792 and remained during the Reign of Terror.

============================================================
Step 50000 — Correction Samples
============================================================

  Corrupted: I used to sepak to you sometimes, you must remember, about being careful."
  Generated: I used to speak to you sometimes, you must remember, about being careful."
  Original:  I used to speak to you sometimes, you must remember, about being careful."

  Corrupted: "Ain't the Grinnell baby got _no_ home?" whimpered the hereditary enemy.
  Generated: "Ain't the Grinnell baby got _no_ home?" whimpered the hereditary enemy.
  Original:  "Ain't the Grinnell baby got _no_ home?" whimpered the hereditary enemy.

  Corrupted: Petw's ill-defined figure slouching over it ewhile he cskimmed the syrup was grimly suggesitve of the distilpations of tsrange elixirs anr unhallowed 
  Generated: Pete's ill-defined figure slouching over it while he skimmed the syrup was grimly suggestive of the distilpations of strange elixirs and unhallowed li
  Original:  Pete's ill-defined figure slouching over it while he skimmed the syrup was grimly suggestive of the distillations of strange elixirs and unhallowed li

============================================================
Step 55000 — Correction Samples
============================================================

  Corrupted: 1835, April 18, French indemnigy bill passes the Chamber of Deputies.
  Generated: 1835, April 18, French indemnity bill passes the Chamber of Deputies.
  Original:  1835, April 18, French indemnity bill passes the Chamber of Deputies.

  Corrupted: I came up to meet a boy I know, who is boing to France to-morrow.
  Generated: I came up to meet a boy I know, who is going to France to-morrow.
  Original:  I came up to meet a boy I know, who is going to France to-morrow.

  Corrupted: At an adjourned meeting it was resolved that the convention meet atIndependence Hall, LPhiladelphia.
  Generated: At an adjourned meeting it was resolved that the convention meet at Independence Hall, Philadelphia.
  Original:  At an adjourned meeting it was resolved that the convention meet at Independence Hall, Philadelphia.

============================================================
Step 60000 — Correction Samples
============================================================

  Corrupted: Jerome for the diffusion of the Holy Scriptures, he spoke with the greatest praise of the splendid work of this most deserving institution, which in t
  Generated: Jerome for the diffusion of the Holy Scriptures, he spoke with the greatest praise of the splendid work of this most deserving institution, which in t
  Original:  Jerome for the diffusion of the Holy Scriptures, he spoke with the greatest praise of the splendid work of this most deserving institution, which in t

  Corrupted: "I pray tghat your wish be granted," shemurmured, with a tender voiCe.
  Generated: "I pray that your wish be granted," she murmured, with a tender voice.
  Original:  "I pray that your wish be granted," she murmured, with a tender voice.

  Corrupted: Oowe was represented by the Chief of Staff.
  Generated: Lowe was represented by the Chief of Staff.
  Original:  Lowe was represented by the Chief of Staff.

============================================================
Step 65000 — Correction Samples
============================================================

  Corrupted: Only one fragmetn of Sappho's portry, Sappho 94, contains a clear mention of female homosexual acts.
  Generated: Only one fragment of soften's poetry, checking 94, contains a clear mention of female homosexual acts.
  Original:  Only one fragment of Sappho's poetry, Sappho 94, contains a clear mention of female homosexual acts.

  Corrupted: OffficialWebsite (Portuguese, Spanish & English)
  Generated: Official Website (Portuguese, Spanish & English)
  Original:  Official Website (Portuguese, Spanish & English)

  Corrupted: Lanczos wotks throughout with the original matrix (and has no problwm wth it being known only umplicitly), wherews raw Householder wants to modify the
  Generated: Lanczos works throughout with the original matrix (and has no problem with it being known only explicitly), whereas raw Householder wants to modify th
  Original:  Lanczos works throughout with the original matrix (and has no problem with it being known only implicitly), whereas raw Householder wants to modify th

============================================================
Step 70000 — Correction Samples
============================================================

  Corrupted: Tsunoda retirfd in 2003.
  Generated: Tsunoda retired in 2003.
  Original:  Tsunoda retired in 2003.

  Corrupted: Show trial Zelensky was arrested in August 1937.
  Generated: Show trial Zelensky was arrested in August 1937.
  Original:  Show trial Zelensky was arrested in August 1937.

  Corrupted: markus built the portotype of the app while recruiting drivers personally on the streets of Tallinn atfer receiving a €5000 loan phrom bis familie.
  Generated: Markus built the prototype of the app while recruiting drivers personally on the streets of Tallinn after receiving a €5000 loan from his family.
  Original:  Markus built the prototype of the app while recruiting drivers personally on the streets of Tallinn after receiving a €5000 loan from his family.

============================================================
Step 75000 — Correction Samples
============================================================

  Corrupted: Presidents 1999-2000 Police Captain Proff.
  Generated: Presidents 1999-2000 Police Captain Proff.
  Original:  Presidents 1999-2000 Police Captain Prof.

  Corrupted: Like many Model United Nations smiulations, HMUN offers committees in phour main categories: The General Assembly (GA) The Economic and Sociale Coujci
  Generated: Like many Model United Nations simulations, HMUN offers committees in four main categories: The General Assembly (GA) The Economic and Social Council 
  Original:  Like many Model United Nations simulations, HMUN offers committees in four main categories: The General Assembly (GA) The Economic and Social Council 

  Corrupted: His firt work was tktled cuo/saucer/two dancers/radio, and featured mim and Phoebe Neville.
  Generated: His first work was titled cup/saucer/two dancers/radio, and featured him and Phoebe Neville.
  Original:  His first work was titled cup/saucer/two dancers/radio, and featured him and Phoebe Neville.

============================================================
Step 80000 — Correction Samples
============================================================

  Corrupted: She shut hher eyes and seemed to turn her glance inward.
  Generated: She shut her eyes and seemed to turn her glance inward.
  Original:  She shut her eyes and seemed to turn her glance inward.

  Corrupted: It is an important poinnt in all these mysterious, half-magical ceremonies.
  Generated: It is an important point in all these mysterious, half-magical ceremonies.
  Original:  It is an important point in all these mysterious, half-magical ceremonies.

  Corrupted: To poison her with bacilli which _I_ detecyted.
  Generated: To poison her with bacilli which _I_ detected.
  Original:  To poison her with bacilli which _I_ detected.

============================================================
Step 85000 — Correction Samples
============================================================

  Corrupted: The great amphitheater in which the games were to tacke place was surrounded by gold and jewelled palaces for the accommodation of the princes, and with pltforms for the convenience of the spectators.
  Generated: The great amphitheater in which the games were to take place was surrounded by gold and jewelled palaces for the accommodation of the princes, and with platforms for the convenience of the spectators.
  Original:  The great amphitheatre in which the games were to take place was surrounded by gold and jewelled palaces for the accommodation of the princes, and with platforms for the convenience of the spectators.

  Corrupted: The religious spirit will be revivified because it will be in harmony with msen's unquestioned scientific beliefs and their ordinary day-by-day social activities.
  Generated: The religious spirit will be revivified because it will be in harmony with men's unquestioned scientific beliefs and their ordinary day-by-day social activities.
  Original:  The religious spirit will be revivified because it will be in harmony with men's unquestioned scientific beliefs and their ordinary day-by-day social activities.

  Corrupted: When the Judge looked up agin, a single prisoner stood before him, a wounded, hawk-faced native, whose eyes blazed hate and contempts.
  Generated: When the Judge looked up again, a single prisoner stood before him, a wounded, hawk-faced native, whose eyes blazed hate and contempt.
  Original:  When the Judge looked up again, a single prisoner stood before him, a wounded, hawk-faced native, whose eyes blazed hate and contempt.

============================================================
Step 90000 — Correction Samples
============================================================

  Corrupted: While returning to the region of Bhilwara annd his capitol town of Causla Kheda, Devnarayan mraries three prinesses, one thw daughter of a det (daitya), another the niece of a netherworld serpent king, annd the third the daughter of a yhe Gurjar ruler of Ujjain-Pipalde.
  Generated: While returning to the region of Bhilwara and his capital town of Causla Kheda, Devnarayan marries three princesses, one the daughter of a det (daitya), another the niece of a netherworld serpent king, and the third the daughter of the Gurjar ruler of Ujjain-Pipalde.
  Original:  While returning to the region of Bhilwara and his capital town of Causla Kheda, Devnarayan marries three princesses, one the daughter of a det (daitya), another the niece of a netherworld serpent king, and the third the daughter of the Gurjar ruler of Ujjain-Pipalde.

  Corrupted: He ges to the location he was called to, finds the ownwer and sokme anjmals deed in a barn, but slips on the blood as he turns to leave and hits his head, cknocking nim unconscious.
  Generated: He goes to the location he was called to finds the owner and some animals dead in a barn, but slips on the blood as he turns to leave and hits his head, knocking him unconscious.
  Original:  He gets to the location he was called to, finds the owner and some animals dead in a barn, but slips on the blood as he turns to leave and hits his head, knocking him unconscious.

  Corrupted: Sebastian by an artist of the Sienese School.
  Generated: Sebastian by an artist of the Sienese School.
  Original:  Sebastian by an artist of the Sienese School.

============================================================
Step 95000 — Correction Samples
============================================================

  Corrupted: He tad had an nhours sleep on the sitting-room sofa.
  Generated: He had had an hours sleep on the sitting-room sofa.
  Original:  He had had an hour's sleep on the sitting-room sofa.

  Corrupted: Scion, bevelled, is set either in English or cleft graft, tied with raffia or with a numbered wool strip, waxed and potted in rich but light soil, moderately firmed around roots.
  Generated: Scion, bevelled, is set either in English or cleft graft, tied with raffia or with a numbered wool strip, waxed and potted in rich but light soil, moderately firmed around roots.
  Original:  Scion, bevelled, is set either in English or cleft graft, tied with raffia or with a numbered wool strip, waxed and potted in rich but light soil, moderately firmed around roots.

  Corrupted: So you can see tgat usch activity may creatr somewhat of a problem.
  Generated: So you can see that such activity may create somewhat of a problem.
  Original:  So you can see that such activity may create somewhat of a problem.

============================================================
Step 100000 — Correction Samples
============================================================

  Corrupted: The desibn of the fuselage jncluded a height differential between ythe two seats of the cosckpit; this provided generous levels of visibility for tbe instructor in the reer seat.
  Generated: The design of the fuselage included a height differential between the two seats of the cockpit; this provided generous levels of visibility for the instructor in the rear seat.
  Original:  The design of the fuselage included a height differential between the two seats of the cockpit; this provided generous levels of visibility for the instructor in the rear seat.

  Corrupted: Rochester's enemy Lord Halifax called for an inquiry into Rovhester's stewardship of the binances and it waq found tbat £40,000 had bern lost through mismanagement.
  Generated: Rochester's enemy Lord Halifax called for an inquiry into Rochester's stewardship of the binances and it was found that £40,000 had been lost by mismanagement.
  Original:  Rochester's enemy Lord Halifax called for an inquiry into Rochester's stewardship of the finances and it was found that £40,000 had been lost by mismanagement.

  Corrupted: EOModeler adds support for prototype attributes znd the ability to create and store complex queries (or EOFetchSpecifications). 4.5 --; March 2000 Inhegrated XML support using IBM's alphaWorks parser.
  Generated: EOModeler adds support for prototype attributes and the ability to create and store complex queries (or EOFetchSpecifications). 4.5 --; March 2000 Integrated XML support using IBM's alphaWorks parser.
  Original:  EOModeler adds support for prototype attributes and the ability to create and store complex queries (or EOFetchSpecifications). 4.5 --; March 2000 Integrated XML support using IBM's alphaWorks parser.

============================================================
Step 105000 — Correction Samples
============================================================

  Corrupted: Young plants and coppice regrowth have leaves that are sessile, heart-shaped to rounnd, log and wide, arranged to opposite pakrs with stem-clasping bases and finely notched or scalloped edges.
  Generated: Young plants and coppice regrowth have leaves that are sessile, heart-shaped to round, long and wide, arranged to opposite pairs with stem-clasping bases and finely notched or scalloped edges.
  Original:  Young plants and coppice regrowth have leaves that are sessile, heart-shaped to round, long and wide, arranged in opposite pairs with stem-clasping bases and finely notched or scalloped edges.

  Corrupted: It das designed by thr renowed American Movernist architfct Richard Neutra, ahd built from 1962 to 1966.
  Generated: It was designed by the renowned American Modernist architect Richard Neutra, and built from 1962 to 1966.
  Original:  It was designed by the renowned American Modernist architect Richard Neutra, and built from 1962 to 1966.

  Corrupted: Madonna stated that "Crave" was one of the first songs she wrote for Madame X, but had to put on hold when she began working with other musicians in Lisbon.
  Generated: Madonna stated that "Crave" was one of the first songs she wrote for Madame X, but had to put on hold when she began working with other musicians in Lisbon.
  Original:  Madonna stated that "Crave" was one of the first songs she wrote for Madame X, but had to put on hold when she began working with other musicians in Lisbon.

============================================================
Step 110000 — Correction Samples
============================================================

  Corrupted: Based in London, UK, IGE is recognised by World Rugby as the representative organisation of the LGBT ande inclusive rugby commuity, up to the point they bith have signed a Memorandim of Understanding outlinibng a commitment BetWEeN tyes two organisations to work together to educate and eliminate homophobia in rugby.
  Generated: Based in London, UK, IGE is recognised by World Rugby as the representative organisation of the LGBT and inclusive rugby community, up to the point they both have signed a Memorandum of Understanding outlining a commitment between the two organisations to work together to educate and eliminate homophobia in rugby.
  Original:  Based in London, UK, IGR is recognised by World Rugby as the representative organisation of the LGBT and inclusive rugby community, up to the point they both have signed a Memorandum of Understanding outlining a commitment between the two organisations to work together to educate and eliminate homophobia in rugby.

  Corrupted: According to Carron Ruffle, assitsant professor of religion at the Ujiversity of Torknto, even though mutʿah is Prohibited by Sunni schools of lawe, several types of impermanent marrlage exist, including misyar (ambulant) marriage and ʿurfi (customary) marriage, which gaind popularity in pxarts of tme Sunni world.
  Generated: According to Carron Ruffle, assistant professor of religion at the University of Toronto, even though mutʿah is prohibited by Sunni schools of law, several types of impermanent marriage exist, including misyar (ambulant) marriage and ʿurfi (customary) marriage, which gains popularity in parts of the Sunni world.
  Original:  According to Karen Ruffle, assistant professor of religion at the University of Toronto, even though mutʿah is prohibited by Sunni schools of law, several types of impermanent marriage exist, including misyar (ambulant) marriage and ʿurfi (customary) marriage, which gained popularity in parts of the Sunni world.

  Corrupted: Approach four "continuing teams" (Brisbane, Canberra, Newcastle qnd Auckland) to secure a 7-year commitment.
  Generated: Approach four "continuing teams" (Brisbane, Canberra, Newcastle and Auckland) to secure a 7-year commitment.
  Original:  Approach four "continuing teams" (Brisbane, Canberra, Newcastle and Auckland) to secure a 7-year commitment.

============================================================

  Corrupted: To initiate a plugin, you kneed something like this: my $plugin = Nagios::Plugin->new( shortname => $PLUGIN_NAME, # Short name of yokur plugin usage => $USAGE, # Your usage message version => $VERSION # Version number ); Then you can add your command line options thus: $plugin->add_arg("w=i", "-w <hours>\n Warning if data exceeds this time", 12, 1); $plugin->add_arg("c=i", "-c <hours>\n Critical if data exceeds this time", 24, 1); $plugin->getopts(); and so on.
  Generated: 
  Original:  To initiate a plugin, you need something like this: my $plugin = Nagios::Plugin->new( shortname => $PLUGIN_NAME, # Short name of your plugin usage => $USAGE, # Your usage message version => $VERSION # Version number ); Then you can add your command line options thus: $plugin->add_arg("w=i", "-w <hours>\n Warning if data exceeds this time", 12, 1); $plugin->add_arg("c=i", "-c <hours>\n Critical if data exceeds this time", 24, 1); $plugin->getopts(); and so on.

  Corrupted: I have built a small script that provieds touch screen right click context menu with long touch press in my ELAN touchzscreen.
  Generated: 
  Original:  I have built a small script that provides touch screen right click context menu with long touch press in my ELAN touchscreen.

  Corrupted: I will eventually use GULI desiggn and expand this program to store ddata permanently, but for now, this what I wote.
  Generated: 
  Original:  I will eventually use GUI design and expand this program to store data permanently, but for now, this what I wrote.

============================================================

  Corrupted: _Thrang_, throng, busy, a crowd.
  Generated: 
  Original:  _Thrang_, throng, busy, a crowd.

  Corrupted: And spending your time in making marks on paper!
  Generated: 
  Original:  And spending your time in making marks on paper!

  Corrupted: The paint of the phloors was yellow and shining; yhe carppets were thick and bright; the table was set with great care; the great chimney in the upper mitchen where fhe supper was prpeared, wwas magmificent with its blazing logs.
  Generated: 
  Original:  The paint of the floors was yellow and shining; the carpets were thick and bright; the table was set with great care; the great chimney in the upper kitchen where the supper was prepared, was magnificent with its blazing logs.

============================================================

  Corrupted: 29. "An unjust sntence of conddmnation, and a miserible and undeserved banishmwnt, formerly induced Coriolanus to go and fjght Against his country; he was restrained, however, by private dutg from public parricide.
  Generated: 
  Original:  29. "An unjust sentence of condemnation, and a miserable and undeserved banishment, formerly induced Coriolanus to go and fight against his country; he was restrained, however, by private duty from public parricide.

  Corrupted: Lucius Furius Purpureo, who had then the command of the provjnce, had, in pursuance of the decree of the senate, disbanded the army, excepting five thuosand of the allies and Latin confederacy; and had remained, with tthese troops, in the nearest district of the province about Ariminum.
  Generated: 
  Original:  Lucius Furius Purpureo, who had then the command of the province, had, in pursuance of the decree of the senate, disbanded the army, excepting five thousand of the allies and Latin confederacy; and had remained, with these troops, in the nearest district of the province about Ariminum.

  Corrupted: She went to Pagis in 1792 and remained duding the Rane of a Terror.
  Generated: 
  Original:  She went to Paris in 1792 and remained during the Reign of Terror.

============================================================
Step 115000 — Correction Samples
============================================================

  Corrupted: The great amphitheatre in which the games were to atke place wass surrounded by gold and jewelled palaces for the accommodation from the princes, and wih platphorms for ghe convenience the spectators.
  Generated: The great amphitheatre in which the games were to take place was surrounded by gold and jewelled palaces for the accommodation from the princes, and with platforms for the convenience the spectators.
  Original:  The great amphitheatre in which the games were to take place was surrounded by gold and jewelled palaces for the accommodation of the princes, and with platforms for the convenience of the spectators.

  Corrupted: The religious spirkit will be revivified because it will be in harmony with men's unquestioned scientific beliefs and their ordinary day-from-vay soclial activities.
  Generated: The religious spirit will be revivified because it will be in harmony with men's unquestioned scientific beliefs and their ordinary day-of-day social activities.
  Original:  The religious spirit will be revivified because it will be in harmony with men's unquestioned scientific beliefs and their ordinary day-by-day social activities.

  Corrupted: When the Judge looked up again, a single prisoner stood beore him, a wounded, hawk-faced native, whose yees blazed hate and contempt.
  Generated: When the Judge looked up again, a single prisoner stood before him, a wounded, hawk-faced native, whose eyes blazed hate and contempt.
  Original:  When the Judge looked up again, a single prisoner stood before him, a wounded, hawk-faced native, whose eyes blazed hate and contempt.

============================================================
Step 120000 — Correction Samples
============================================================

  Corrupted: While returning to the region of Ghilwara and his capital towwn of Causla Ckheda, Devnarayan marries three princesses, one the daughrer a det (daitya), another the niece of a netherworld serpent king, and the tird the daughter of the Gurjar ruler of Ujjain-Pipalde.
  Generated: While returning to the region of Ghilwara and his capital town of Causla Kheda, Devnarayan marries three princesses, one the daughter a det (daitya), another the niece of a netherworld serpent king, and the third the daughter of the Gurjar ruler of Ujjain-Pipalde.
  Original:  While returning to the region of Bhilwara and his capital town of Causla Kheda, Devnarayan marries three princesses, one the daughter of a det (daitya), another the niece of a netherworld serpent king, and the third the daughter of the Gurjar ruler of Ujjain-Pipalde.

  Corrupted: He gets to the location he was called to, finds the owner and some animals DEAD in a barn, but slips on the blood as he turns to leave and hits his head, knoking hom unconscous.
  Generated: He gets to the location he was called to, finds the owner and some animals dead in a barn, but slips on the blood as he turns to leave and hits his head, knocking him unconscious.
  Original:  He gets to the location he was called to, finds the owner and some animals dead in a barn, but slips on the blood as he turns to leave and hits his head, knocking him unconscious.

  Corrupted: Sebastian by an artist of the Sienese School.
  Generated: Sebastian by an artist of the Sienese School.
  Original:  Sebastian by an artist of the Sienese School.

============================================================
Step 125000 — Correction Samples
============================================================

  Corrupted: He had had an hour's sleep on the sitting-room sofa.
  Generated: He had had an hour's sleep on the sitting-room sofa.
  Original:  He had had an hour's sleep on the sitting-room sofa.

  Corrupted: Scion, bevelled, is set either in English or cleft graft, tied with raffia or with a numbered wool strip, waxed and potted in rich but light soil, moderately firmed around roots.
  Generated: Scion, bevelled, is set either in English or cleft graft, tied with raffia or with a numbered wool strip, waxed and potted in rich but light soil, moderately formed around roots.
  Original:  Scion, bevelled, is set either in English or cleft graft, tied with raffia or with a numbered wool strip, waxed and potted in rich but light soil, moderately firmed around roots.

  Corrupted: So you can see that sucbh activity may create somewhat of a problem.
  Generated: So you can see that such activity may create somewhat of a problem.
  Original:  So you can see that such activity may create somewhat of a problem.

============================================================
Step 130000 — Correction Samples
============================================================

  Corrupted: The design of the fuselage included a height differential between the two seats of the cockpit; this provideds generous levels of visibility for ther instructkr in the rear sete.
  Generated: The design of the fuselage included a height differential between the two seats of the cockpit; this provided generous levels of visibility for the instructor in the rear seat.
  Original:  The design of the fuselage included a height differential between the two seats of the cockpit; this provided generous levels of visibility for the instructor in the rear seat.

  Corrupted: Rochester's enemy Lrd Hallifax called for an inquiry into Rochester's stewardsnip of the finances and it was found that £40,000 had been lost by mismanagement.
  Generated: Rochester's enemy Lord Hallifax called for an inquiry into Rochester's stewardship of the finances and it was found that £40,000 had been lost by mismanagement.
  Original:  Rochester's enemy Lord Halifax called for an inquiry into Rochester's stewardship of the finances and it was found that £40,000 had been lost by mismanagement.

  Corrupted: EOModeler adds support for prototype attibutes and the ability to create and store complex quries (or EOFFetchSpecifications). 4.5 --; March 2000 Intgerated XML support usng IBM's alphaWorks parser.
  Generated: EOModeler adds support for prototype attributes and the ability to create and store complex queries (or EOFFetchSpecifications). 4.5 --; March 2000 Integrated XML support using IBM's alphaWorks parser.
  Original:  EOModeler adds support for prototype attributes and the ability to create and store complex queries (or EOFetchSpecifications). 4.5 --; March 2000 Integrated XML support using IBM's alphaWorks parser.

============================================================
Step 135000 — Correction Samples
============================================================

  Corrupted: Young plants and coppice regrowth havd leaves that are sessile, heart-shaped to round, klong and wide, arranged into opposite paurs with stem-clasping bases and finely notched or scalloped edges.
  Generated: Young plants and coppice regrowth have leaves that are sessile, heart-shaped to round, long and wide, arranged into opposite pairs with stem-clasping bases and finely notched or scalloped edges.
  Original:  Young plants and coppice regrowth have leaves that are sessile, heart-shaped to round, long and wide, arranged in opposite pairs with stem-clasping bases and finely notched or scalloped edges.

  Corrupted: It was designed by the renowned American HModernist architect Richard Neutra, and built from 1962 to 1966.
  Generated: It was designed by the renowned American Modernist architect Richard Neutra, and built from 1962 to 1966.
  Original:  It was designed by the renowned American Modernist architect Richard Neutra, and built from 1962 to 1966.

  Corrupted: Madonna stated that "Crave" was one of the first songs she wrote for Madame X, but had to put on hold when she began working with other musicians in Lisbon.
  Generated: Madonna stated that "Crave" was one of the first songs she wrote for Madame X, but had to put on hold when she began working with other musicians in Lisbon.
  Original:  Madonna stated that "Crave" was one of the first songs she wrote for Madame X, but had to put on hold when she began working with other musicians in Lisbon.

============================================================
Step 140000 — Correction Samples
============================================================

  Corrupted: Basec in LOndoN, UK, IGR is recognised by Workd Rugby as ther representative organisation of tje PGBT and inclusive rugby community, up to the point gthey both have siged a Memorqndum of Understanding outoining a commitment between the twwo organisations to work together to educate abd eliminate homophobka in rugby.
  Generated: Based in London, UK, IGR is recognised by World Rugby as the representative organisation of the PGBT and inclusive rugby community, up to the point they both have signed a Memoranum of Understanding outlining a commitment between the two organisations to work together to educate and eliminate homophobia in rugby.
  Original:  Based in London, UK, IGR is recognised by World Rugby as the representative organisation of the LGBT and inclusive rugby community, up to the point they both have signed a Memorandum of Understanding outlining a commitment between the two organisations to work together to educate and eliminate homophobia in rugby.

  Corrupted: Acording to Karen Ruffle, assistant professor of religion at the University of Toronto, EVEN though muttʿah is prohibited by Sunni schols of lawseveral Types of impermanent marriage eixst, including misyar (ambulant) marriage and ʿurfi (customary) marriage, which gained popularity in parts of the Sunni world.
  Generated: According to Karen Ruffle, assistant professor of religion at the University of Toronto, even though mutʿah is prohibited by Sunni schools of lawseveral types of impermanent marriage exist, including misyar (ambulant) marriage and ʿurfi (customary) marriage, which gained popularity in parts of the Sunni world.
  Original:  According to Karen Ruffle, assistant professor of religion at the University of Toronto, even though mutʿah is prohibited by Sunni schools of law, several types of impermanent marriage exist, including misyar (ambulant) marriage and ʿurfi (customary) marriage, which gained popularity in parts of the Sunni world.

  Corrupted: Approach phour "continuing teams" (Brisbane, Canberra, Newcastle and Auckland) to secure a 7-year commitmenrt.
  Generated: Approach four "continuing teams" (Brisbane, Canberra, Newcastle and Auckland) to secure a 7-year commitment.
  Original:  Approach four "continuing teams" (Brisbane, Canberra, Newcastle and Auckland) to secure a 7-year commitment.

============================================================
Step 145000 — Correction Samples
============================================================

  Corrupted: To initiate a plugin, you need something like this: my $plugin = Nagios::Plugin->new( shortname => $PLUGIN_NAME, # Short name of your plugin usage => $USAGE, # Your usage message cversion => $VERSION # Version number ); Then you can add your command line options thus: $plugin->add_arg("w=i", "-w <hours>\n Warning if data EXCEEDS this time", 12, 1); $plugin->add_arg("c=i", "-c <hours>\n Critical if data exceeds this time", 24, 1); $plugin->getopts(); and so on.
  Generated: To initiate a plugin, you need something like this: my $plugin = Nagios::Plugin->new( shortname => $PLUGIN_NAME, # Short name of your plugin usage => $USAGE, # Your usage message version => $VERSION # Version number ); Then you can add your command line options thus: $plugin->add_arg("w=i", "-w <hours>\n Warning if data exceeds this time", 12, 1); $plugin->
  Original:  To initiate a plugin, you need something like this: my $plugin = Nagios::Plugin->new( shortname => $PLUGIN_NAME, # Short name of your plugin usage => $USAGE, # Your usage message version => $VERSION # Version number ); Then you can add your command line options thus: $plugin->add_arg("w=i", "-w <hours>\n Warning if data exceeds this time", 12, 1); $plugin->add_arg("c=i", "-c <hours>\n Critical if data exceeds this time", 24, 1); $plugin->getopts(); and so on.

  Corrupted: I have built a small script that provides touch screen right click context menu with length touch press in my ELAN touchscreen.
  Generated: I have built a small script that provides touch screen right click context menu with length touch press in my ELAN touchscreen.
  Original:  I have built a small script that provides touch screen right click context menu with long touch press in my ELAN touchscreen.

  Corrupted: I will eventually use GUI design and expand this program to store data permanetly, but tor now, thks dhat I wrote.
  Generated: I will eventually use GUI design and expand this program to store data permanently, but for now, this what I wrote.
  Original:  I will eventually use GUI design and expand this program to store data permanently, but for now, this what I wrote.

============================================================
Step 145000 — Correction Samples
============================================================

  Corrupted: THE GREAT AMPHITHEATRE IN WHICH THE GAMES WERE TO TAKE PLACE WAS SURROUNDED BY GOLD AND JEWELLED PALXCES EOR THE ACCOMMODATION OF rje PRINCES, AND WITH PLATPHORMS FORE THE CONVENIENCE OF THE SPECTATORS.
  Generated: The great base theatre in which the games were to take place was surrounded by gold and jewelled palaces for the accommodation of the Princes, and with platforms for the convenience of the spectators.
  Original:  The great amphitheatre in which the games were to take place was surrounded by gold and jewelled palaces for the accommodation of the princes, and with platforms for the convenience of the spectators.

  Corrupted: The religious spirit will be revivified because it will be in harmony with men's unquestioned scientific beliefs and their ordinary day-by-day social activities.
  Generated: The religious spirit will be revivified because it will be in harmony with men's unquestioned scientific beliefs and their ordinary day-by-day social activities.
  Original:  The religious spirit will be revivified because it will be in harmony with men's unquestioned scientific beliefs and their ordinary day-by-day social activities.

  Corrupted: When the Judge looked up again, a, single prisoner stood before himm, a wounded, hawk-faced natice, whose eyes blazed hate and contempt.
  Generated: When the Judge looked up again, a single prisoner stood before him, a wounded, hawk-faced native, whose eyes blazed hate and contempt.
  Original:  When the Judge looked up again, a single prisoner stood before him, a wounded, hawk-faced native, whose eyes blazed hate and contempt.

============================================================
Step 150000 — Correction Samples
============================================================

  Corrupted: While returning to the region of Bhilwara and his capital town of Causla Kheda, Denaaryan marrkes three princesses, one the daughter of a wet (daitya), another the neice of a netherworld serpent king, and the thirs the dwughter of the Gurjar ruler of Ujjain-Pipalde.
  Generated: While returning to the region of Bhilwara and his capital town of Causla Kheda, Denaaryan marries three princes, one the daughter of a wet (daitya), another the niece of a netherworld serpent king, and the third the daughter of the Gurjar ruler of Ujjain-Pipalde.
  Original:  While returning to the region of Bhilwara and his capital town of Causla Kheda, Devnarayan marries three princesses, one the daughter of a det (daitya), another the niece of a netherworld serpent king, and the third the daughter of the Gurjar ruler of Ujjain-Pipalde.

  Corrupted: He gets to hte location he was csled to, fnis the owner and eome animals dead in a barn, but sljps on the blood as he turns to leave znd hts his head, knocking him unconscious.
  Generated: He gets to the location he was called to, finds the owner and some animals dead in a barn, but slips on the blood as he turns to leave and hits his head, knocking him unconscious.
  Original:  He gets to the location he was called to, finds the owner and some animals dead in a barn, but slips on the blood as he turns to leave and hits his head, knocking him unconscious.

  Corrupted: Sebastian by an artist of the Sienese School.
  Generated: Sebastian by an artist of the Sienese School.
  Original:  Sebastian by an artist of the Sienese School.

============================================================
Step 155000 — Correction Samples
============================================================

  Corrupted: He had had an hour's sleep on the sitting-room sofa.
  Generated: He had had an hour's sleep on the sitting-room sofa.
  Original:  He had had an hour's sleep on the sitting-room sofa.

  Corrupted: Scion, bevelled, is set either in English or cleft graft, tied with raffia or with a numbered wool strip, waxed and potted in rich but light soil, moderately firmed around roots.
  Generated: Scion, bevelled, is set either in English or cleft graft, tied with raffia or with a numbered wool strip, waxed and potted in rich but light soil, moderately firmed around roots.
  Original:  Scion, bevelled, is set either in English or cleft graft, tied with raffia or with a numbered wool strip, waxed and potted in rich but light soil, moderately firmed around roots.

  Corrupted: So gpu can see that such activity mwy create somewhat of a problem.
  Generated: So you can see that such activity may create somewhat of a problem.
  Original:  So you can see that such activity may create somewhat of a problem.

============================================================
Step 160000 — Correction Samples
============================================================

  Corrupted: Tme design of tbe fuselage included a height diffserential netween the two seats of the cockpit; this probided generous levels of visinility of the instructor in the rear seat.
  Generated: The design of the fuselage included a height differential between the two seats of the cockpit; this provided generous levels of visibility of the instructor in the rear seat.
  Original:  The design of the fuselage included a height differential between the two seats of the cockpit; this provided generous levels of visibility for the instructor in the rear seat.

  Corrupted: Rochester's enemy Lord Halifax called for an inquiry into Rochester's stewardship of thhe finances qnds it was found that £40,000 had been lost by mismanagement.
  Generated: Rochester's enemy Lord Halifax called for an inquiry into Rochester's stewardship of the finances and it was found that £40,000 had been lost by mismanagement.
  Original:  Rochester's enemy Lord Halifax called for an inquiry into Rochester's stewardship of the finances and it was found that £40,000 had been lost by mismanagement.

  Corrupted: EOModeler adds cupport faw prototype attributes snd the abiljity to create and qgore complex queries (or EOFetchSpecifications). 4.5 --; March 2000 Integrated XML suppirt using IBM's alphaWorks parser
  Generated: EOModeler adds support for prototype attributes and the ability to create and store complex queries (or EOFetchSpecifications). 4.5 --; March 2000 Integrated XML support using IBM's alphaWorks parser
  Original:  EOModeler adds support for prototype attributes and the ability to create and store complex queries (or EOFetchSpecifications). 4.5 --; March 2000 Integrated XML support using IBM's alphaWorks parser.

============================================================
Step 165000 — Correction Samples
============================================================

  Corrupted: Young plants and coppice regrowth have leaves that are sessile, heart-shaped to round, long and wide, arranged in opposite pairs with stem-clasping bases and finely notched or scalloped edges.
  Generated: Young plants and coppice regrowth have leaves that are sessile, heart-shaped to round, long and wide, arranged in opposite pairs with stem-clasping bases and finely notched or scalloped edges.
  Original:  Young plants and coppice regrowth have leaves that are sessile, heart-shaped to round, long and wide, arranged in opposite pairs with stem-clasping bases and finely notched or scalloped edges.

  Corrupted: It was designed by the renowned American Modernist architect Richard Neutra, and bullt from 1962 to 1966.
  Generated: It was designed by the renowned American Modernist architect Richard Neutra, and built from 1962 to 1966.
  Original:  It was designed by the renowned American Modernist architect Richard Neutra, and built from 1962 to 1966.

  Corrupted: Madonna stated that "Crave" was one of the first songs she wrote for Madame X, but had to put on hold when she began working with other musicians in Lisbon.
  Generated: Madonna stated that "Crave" was one of the first songs she wrote for Madame X, but had to put on hold when she began working with other musicians in Lisbon.
  Original:  Madonna stated that "Crave" was one of the first songs she wrote for Madame X, but had to put on hold when she began working with other musicians in Lisbon.

============================================================
Step 170000 — Correction Samples
============================================================

  Corrupted: Based in London, UK, IGR is recogbised by World Rugby as the representative orgganisation of the LGBT ajd inclusive rugfy communjty, up to the point thej both hagve signed a Memorandum of Understanding outlining a comitment betwesn the gwo organisations to work together to educate and eliminate homophobia in rugby.
  Generated: Based in London, UK, IGR is recognised by World Rugby as the representative organisation of the LGBT and inclusive rugby community, up to the point then both have signed a Memorandum of Understanding outlining a commitment between the two organisations to work together to educate and eliminate homophobia in rugby.
  Original:  Based in London, UK, IGR is recognised by World Rugby as the representative organisation of the LGBT and inclusive rugby community, up to the point they both have signed a Memorandum of Understanding outlining a commitment between the two organisations to work together to educate and eliminate homophobia in rugby.

  Corrupted: According to aKren Ruffle, assitant professor of religion at the University of Toronto, even thojugh mutʿah is prohibited by Sunni schools of law, several types of impermanent marriage exist, includig misyar (ambulant) marriage and ʿurfi (customary) mariafe, WHCH gaiged popularity in pars of the Sunni world.
  Generated: According to Karen Ruffle, assistant professor of religion at the University of Toronto, even though mustʿah is prohibited by Sunni schools of law, several types of impermanent marriage exist, including misyar (ambulant) marriage and ʿurfi (customary) marriage, which gained popularity in parts of the Sunni world.
  Original:  According to Karen Ruffle, assistant professor of religion at the University of Toronto, even though mutʿah is prohibited by Sunni schools of law, several types of impermanent marriage exist, including misyar (ambulant) marriage and ʿurfi (customary) marriage, which gained popularity in parts of the Sunni world.

  Corrupted: Approach four "continuing teams" (Brisbane, Canberra, Newcastle ande Auckland) to secure a 7-year commitment.
  Generated: Approach four "continuing teams" (Brisbane, Canberra, Newcastle and Auckland) to secure a 7-year commitment.
  Original:  Approach four "continuing teams" (Brisbane, Canberra, Newcastle and Auckland) to secure a 7-year commitment.
